<?xml version="1.0" encoding="UTF-8"?>
<!-- Generated by org.testng.reporters.JUnitReportReporter -->
<testsuite skipped="0" hostname="DESKTOP-PV5T3HC" name="com.crm.qa.testcases.HomePageTest" tests="3" failures="0" timestamp="2021-04-18T18:58:52 IST" time="25.190" errors="0">
  <testcase name="validateHomePageTitleTest" time="6.118" classname="com.crm.qa.testcases.HomePageTest"/>
  <system-out/>
  <testcase name="validateCorrectUserNameTest" time="8.849" classname="com.crm.qa.testcases.HomePageTest"/>
  <system-out/>
  <testcase name="verifyContactsLinkTest" time="10.223" classname="com.crm.qa.testcases.HomePageTest"/>
  <system-out/>
</testsuite> <!-- com.crm.qa.testcases.HomePageTest -->
