<?xml version="1.0" encoding="UTF-8"?>
<!-- Generated by org.testng.reporters.JUnitReportReporter -->
<testsuite skipped="1" hostname="DESKTOP-PV5T3HC" name="com.crm.qa.testcases.DealsPageTest" tests="2" failures="0" timestamp="2021-04-18T18:58:52 IST" time="10.003" errors="0">
  <testcase name="clickOnDealsNewButtonTest" time="10.003" classname="com.crm.qa.testcases.DealsPageTest"/>
  <system-out/>
  <testcase name="createNewDealTest" classname="com.crm.qa.testcases.DealsPageTest">
    <skipped/>
  </testcase> <!-- createNewDealTest -->
  <system-out/>
</testsuite> <!-- com.crm.qa.testcases.DealsPageTest -->
