<?xml version="1.0" encoding="UTF-8"?>
<!-- Generated by org.testng.reporters.JUnitReportReporter -->
<testsuite skipped="0" hostname="DESKTOP-PV5T3HC" name="com.crm.qa.testcases.LoginPageTest" tests="3" failures="0" timestamp="2021-04-18T18:58:52 IST" time="18.805" errors="0">
  <testcase name="loginPageTitleTest" time="3.369" classname="com.crm.qa.testcases.LoginPageTest"/>
  <system-out/>
  <testcase name="signUpLinkTest" time="9.285" classname="com.crm.qa.testcases.LoginPageTest"/>
  <system-out/>
  <testcase name="loginTest" time="6.151" classname="com.crm.qa.testcases.LoginPageTest"/>
  <system-out/>
</testsuite> <!-- com.crm.qa.testcases.LoginPageTest -->
