<?xml version="1.0" encoding="UTF-8"?>
<!-- Generated by org.testng.reporters.JUnitReportReporter -->
<testsuite skipped="1" hostname="DESKTOP-PV5T3HC" name="com.crm.qa.testcases.ContactsPageTest" tests="2" failures="0" timestamp="2021-04-18T18:58:52 IST" time="8.169" errors="0">
  <testcase name="validateContactsLabelTest" time="8.169" classname="com.crm.qa.testcases.ContactsPageTest"/>
  <system-out/>
  <testcase name="selectContactsByNameTest" classname="com.crm.qa.testcases.ContactsPageTest">
    <skipped/>
  </testcase> <!-- selectContactsByNameTest -->
  <system-out/>
</testsuite> <!-- com.crm.qa.testcases.ContactsPageTest -->
